#
# There is insufficient memory for the Java Runtime Environment to continue.
# Native memory allocation (malloc) failed to allocate 361758720 bytes for committing reserved memory.
# Possible reasons:
#   The system is out of physical RAM or swap space
#   In 32 bit mode, the process size limit was hit
# Possible solutions:
#   Reduce memory load on the system
#   Increase physical memory or swap space
#   Check if swap backing store is full
#   Use 64 bit Java on a 64 bit OS
#   Decrease Java heap size (-Xmx/-Xms)
#   Decrease number of Java threads
#   Decrease Java thread stack sizes (-Xss)
#   Set larger code cache with -XX:ReservedCodeCacheSize=
# This output file may be truncated or incomplete.
#
#  Out of Memory Error (os_linux.cpp:2798), pid=7058, tid=140338227783424
#
# JRE version: OpenJDK Runtime Environment (7.0_75-b13) (build 1.7.0_75-b13)
# Java VM: OpenJDK 64-Bit Server VM (24.75-b04 mixed mode linux-amd64 compressed oops)
# Derivative: IcedTea 2.5.4
# Distribution: Ubuntu 14.04 LTS, package 7u75-2.5.4-1~trusty1
# Failed to write core dump. Core dumps have been disabled. To enable core dumping, try "ulimit -c unlimited" before starting Java again
#

---------------  T H R E A D  ---------------

Current thread (0x00007fa32c07c000):  VMThread [stack: 0x00007fa30a272000,0x00007fa30a373000] [id=7074]

Stack: [0x00007fa30a272000,0x00007fa30a373000],  sp=0x00007fa30a371490,  free space=1021k
Native frames: (J=compiled Java code, j=interpreted, Vv=VM code, C=native code)
V  [libjvm.so+0x94a9d5]  VMError::report_and_die()+0x175
V  [libjvm.so+0x48b954]  report_vm_out_of_memory(char const*, int, unsigned long, char const*)+0x74
V  [libjvm.so+0x7c7b7b]  os::pd_commit_memory(char*, unsigned long, unsigned long, bool)+0xeb
V  [libjvm.so+0x7c263f]  os::commit_memory(char*, unsigned long, unsigned long, bool)+0x1f
V  [libjvm.so+0x834b1b]  PSVirtualSpace::expand_by(unsigned long)+0x5b
V  [libjvm.so+0x82486b]  PSOldGen::expand_by(unsigned long) [clone .part.80]+0x1b
V  [libjvm.so+0x824a2b]  PSOldGen::expand(unsigned long) [clone .part.81]+0xdb
V  [libjvm.so+0x825958]  PSOldGen::resize(unsigned long)+0x188
V  [libjvm.so+0x82ca24]  PSParallelCompact::invoke_no_policy(bool)+0x9c4
V  [libjvm.so+0x832c5d]  PSScavenge::invoke()+0x17d
V  [libjvm.so+0x7e9203]  ParallelScavengeHeap::failed_mem_allocate(unsigned long)+0x63
V  [libjvm.so+0x94c3d4]  VM_ParallelGCFailedAllocation::doit()+0x84
V  [libjvm.so+0x9508d7]  VM_Operation::evaluate()+0x47
V  [libjvm.so+0x94f248]  VMThread::evaluate_operation(VM_Operation*)+0x318
V  [libjvm.so+0x94f6a9]  VMThread::loop()+0x219
V  [libjvm.so+0x94faf2]  VMThread::run()+0x72
V  [libjvm.so+0x7c4a42]  java_start(Thread*)+0xf2

VM_Operation (0x00007fa3332d6800): ParallelGCFailedAllocation, mode: safepoint, requested by thread 0x00007fa32c008000


---------------  P R O C E S S  ---------------

Java Threads: ( => current thread )
  0x00007fa32c0b5000 JavaThread "Service Thread" daemon [_thread_blocked, id=7080, stack(0x00007fa30958a000,0x00007fa30968b000)]
  0x00007fa32c0b2800 JavaThread "C2 CompilerThread1" daemon [_thread_blocked, id=7079, stack(0x00007fa30968b000,0x00007fa30978c000)]
  0x00007fa32c0af800 JavaThread "C2 CompilerThread0" daemon [_thread_blocked, id=7078, stack(0x00007fa30978c000,0x00007fa30988d000)]
  0x00007fa32c0ad800 JavaThread "Signal Dispatcher" daemon [_thread_blocked, id=7077, stack(0x00007fa30988d000,0x00007fa30998e000)]
  0x00007fa32c082800 JavaThread "Finalizer" daemon [_thread_blocked, id=7076, stack(0x00007fa30a070000,0x00007fa30a171000)]
  0x00007fa32c080800 JavaThread "Reference Handler" daemon [_thread_blocked, id=7075, stack(0x00007fa30a171000,0x00007fa30a272000)]
  0x00007fa32c008000 JavaThread "main" [_thread_blocked, id=7065, stack(0x00007fa3331d7000,0x00007fa3332d8000)]

Other Threads:
=>0x00007fa32c07c000 VMThread [stack: 0x00007fa30a272000,0x00007fa30a373000] [id=7074]
  0x00007fa32c0bf800 WatcherThread [stack: 0x00007fa309489000,0x00007fa30958a000] [id=7081]

VM state:at safepoint (normal execution)

VM Mutex/Monitor currently owned by a thread:  ([mutex/lock_event])
[0x00007fa32c005e60] ExpandHeap_lock - owner thread: 0x00007fa32c07c000
[0x00007fa32c0064e0] Threads_lock - owner thread: 0x00007fa32c07c000
[0x00007fa32c0069e0] Heap_lock - owner thread: 0x00007fa32c008000

Heap
 PSYoungGen      total 448000K, used 60453K [0x00000007d7000000, 0x0000000800000000, 0x0000000800000000)
  eden space 224256K, 0% used [0x00000007d7000000,0x00000007d7000000,0x00000007e4b00000)
  from space 223744K, 27% used [0x00000007f2580000,0x00000007f6089468,0x0000000800000000)
  to   space 223744K, 0% used [0x00000007e4b00000,0x00000007e4b00000,0x00000007f2580000)
 ParOldGen       total 990208K, used 989735K [0x0000000785000000, 0x00000007c1700000, 0x00000007d7000000)
  object space 990208K, 99% used [0x0000000785000000,0x00000007c1689fc8,0x00000007c1700000)
 PSPermGen       total 21504K, used 2833K [0x000000077aa00000, 0x000000077bf00000, 0x0000000785000000)
  object space 21504K, 13% used [0x000000077aa00000,0x000000077acc47f0,0x000000077bf00000)

Card table byte_map: [0x00007fa330169000,0x00007fa330595000] byte_map_base: 0x00007fa32c594000

Polling page: 0x00007fa3332f6000

Code Cache  [0x00007fa329000000, 0x00007fa329270000, 0x00007fa32c000000)
 total_blobs=207 nmethods=24 adapters=137 free_code_cache=48731Kb largest_free_block=49875776

Compilation events (10 events):
Event: 1.540 Thread 0x00007fa32c0af800 nmethod 19 0x00007fa329065390 code [0x00007fa3290654c0, 0x00007fa329065598]
Event: 1.540 Thread 0x00007fa32c0af800   21             assignment11.PriorityQueue::add (49 bytes)
Event: 1.540 Thread 0x00007fa32c0b2800 nmethod 20 0x00007fa329065090 code [0x00007fa3290651e0, 0x00007fa3290652d8]
Event: 1.540 Thread 0x00007fa32c0b2800   22 %           assignment11.PriorityQueueTiming::findMinTimer @ 72 (235 bytes)
Event: 1.546 Thread 0x00007fa32c0af800 nmethod 21 0x00007fa3290645d0 code [0x00007fa329064760, 0x00007fa329064d38]
Event: 1.553 Thread 0x00007fa32c0b2800 nmethod 22% 0x00007fa32906a810 code [0x00007fa32906aa00, 0x00007fa32906b6e8]
Event: 1.558 Thread 0x00007fa32c0af800   23 %           assignment11.PriorityQueueTiming::findMinTimer @ 72 (235 bytes)
Event: 1.571 Thread 0x00007fa32c0af800 nmethod 23% 0x00007fa32906c190 code [0x00007fa32906c3c0, 0x00007fa32906cfb8]
Event: 1.643 Thread 0x00007fa32c0b2800   24 %           assignment11.PriorityQueueTiming::findMinTimer @ 72 (235 bytes)
Event: 1.655 Thread 0x00007fa32c0b2800 nmethod 24% 0x00007fa32906dad0 code [0x00007fa32906dd00, 0x00007fa32906e968]

GC Heap History (10 events):
Event: 14.114 GC heap after
Heap after GC invocations=28 (full 7):
 PSYoungGen      total 442368K, used 175762K [0x00000007d7000000, 0x0000000800000000, 0x0000000800000000)
  eden space 218624K, 0% used [0x00000007d7000000,0x00000007d7000000,0x00000007e4580000)
  from space 223744K, 78% used [0x00000007e4580000,0x00000007ef124860,0x00000007f2000000)
  to   space 223744K, 0% used [0x00000007f2580000,0x00000007f2580000,0x0000000800000000)
 ParOldGen       total 542208K, used 339095K [0x0000000785000000, 0x00000007a6180000, 0x00000007d7000000)
  object space 542208K, 62% used [0x0000000785000000,0x0000000799b25ff8,0x00000007a6180000)
 PSPermGen       total 21504K, used 2833K [0x000000077aa00000, 0x000000077bf00000, 0x0000000785000000)
  object space 21504K, 13% used [0x000000077aa00000,0x000000077acc47f0,0x000000077bf00000)
}
Event: 14.431 GC heap before
{Heap before GC invocations=29 (full 7):
 PSYoungGen      total 442368K, used 394386K [0x00000007d7000000, 0x0000000800000000, 0x0000000800000000)
  eden space 218624K, 100% used [0x00000007d7000000,0x00000007e4580000,0x00000007e4580000)
  from space 223744K, 78% used [0x00000007e4580000,0x00000007ef124860,0x00000007f2000000)
  to   space 223744K, 0% used [0x00000007f2580000,0x00000007f2580000,0x0000000800000000)
 ParOldGen       total 542208K, used 339095K [0x0000000785000000, 0x00000007a6180000, 0x00000007d7000000)
  object space 542208K, 62% used [0x0000000785000000,0x0000000799b25ff8,0x00000007a6180000)
 PSPermGen       total 21504K, used 2833K [0x000000077aa00000, 0x000000077bf00000, 0x0000000785000000)
  object space 21504K, 13% used [0x000000077aa00000,0x000000077acc47f0,0x000000077bf00000)
Event: 14.636 GC heap after
Heap after GC invocations=29 (full 7):
 PSYoungGen      total 448000K, used 175794K [0x00000007d7000000, 0x0000000800000000, 0x0000000800000000)
  eden space 224256K, 0% used [0x00000007d7000000,0x00000007d7000000,0x00000007e4b00000)
  from space 223744K, 78% used [0x00000007f2580000,0x00000007fd12c860,0x0000000800000000)
  to   space 223744K, 0% used [0x00000007e4b00000,0x00000007e4b00000,0x00000007f2580000)
 ParOldGen       total 542208K, used 514874K [0x0000000785000000, 0x00000007a6180000, 0x00000007d7000000)
  object space 542208K, 94% used [0x0000000785000000,0x00000007a46ce848,0x00000007a6180000)
 PSPermGen       total 21504K, used 2833K [0x000000077aa00000, 0x000000077bf00000, 0x0000000785000000)
  object space 21504K, 13% used [0x000000077aa00000,0x000000077acc47f0,0x000000077bf00000)
}
Event: 14.636 GC heap before
{Heap before GC invocations=30 (full 8):
 PSYoungGen      total 448000K, used 175794K [0x00000007d7000000, 0x0000000800000000, 0x0000000800000000)
  eden space 224256K, 0% used [0x00000007d7000000,0x00000007d7000000,0x00000007e4b00000)
  from space 223744K, 78% used [0x00000007f2580000,0x00000007fd12c860,0x0000000800000000)
  to   space 223744K, 0% used [0x00000007e4b00000,0x00000007e4b00000,0x00000007f2580000)
 ParOldGen       total 542208K, used 514874K [0x0000000785000000, 0x00000007a6180000, 0x00000007d7000000)
  object space 542208K, 94% used [0x0000000785000000,0x00000007a46ce848,0x00000007a6180000)
 PSPermGen       total 21504K, used 2833K [0x000000077aa00000, 0x000000077bf00000, 0x0000000785000000)
  object space 21504K, 13% used [0x000000077aa00000,0x000000077acc47f0,0x000000077bf00000)
Event: 19.277 GC heap after
Heap after GC invocations=30 (full 8):
 PSYoungGen      total 448000K, used 147352K [0x00000007d7000000, 0x0000000800000000, 0x0000000800000000)
  eden space 224256K, 0% used [0x00000007d7000000,0x00000007d7000000,0x00000007e4b00000)
  from space 223744K, 65% used [0x00000007f2580000,0x00000007fb5663c0,0x0000000800000000)
  to   space 223744K, 0% used [0x00000007e4b00000,0x00000007e4b00000,0x00000007f2580000)
 ParOldGen       total 990208K, used 542200K [0x0000000785000000, 0x00000007c1700000, 0x00000007d7000000)
  object space 990208K, 54% used [0x0000000785000000,0x00000007a617e3d0,0x00000007c1700000)
 PSPermGen       total 21504K, used 2833K [0x000000077aa00000, 0x000000077bf00000, 0x0000000785000000)
  object space 21504K, 13% used [0x000000077aa00000,0x000000077acc47f0,0x000000077bf00000)
}
Event: 19.615 GC heap before
{Heap before GC invocations=31 (full 8):
 PSYoungGen      total 448000K, used 371608K [0x00000007d7000000, 0x0000000800000000, 0x0000000800000000)
  eden space 224256K, 100% used [0x00000007d7000000,0x00000007e4b00000,0x00000007e4b00000)
  from space 223744K, 65% used [0x00000007f2580000,0x00000007fb5663c0,0x0000000800000000)
  to   space 223744K, 0% used [0x00000007e4b00000,0x00000007e4b00000,0x00000007f2580000)
 ParOldGen       total 990208K, used 542200K [0x0000000785000000, 0x00000007c1700000, 0x00000007d7000000)
  object space 990208K, 54% used [0x0000000785000000,0x00000007a617e3d0,0x00000007c1700000)
 PSPermGen       total 21504K, used 2833K [0x000000077aa00000, 0x000000077bf00000, 0x0000000785000000)
  object space 21504K, 13% used [0x000000077aa00000,0x000000077acc47f0,0x000000077bf00000)
Event: 19.868 GC heap after
Heap after GC invocations=31 (full 8):
 PSYoungGen      total 448000K, used 180706K [0x00000007d7000000, 0x0000000800000000, 0x0000000800000000)
  eden space 224256K, 0% used [0x00000007d7000000,0x00000007d7000000,0x00000007e4b00000)
  from space 223744K, 80% used [0x00000007e4b00000,0x00000007efb78890,0x00000007f2580000)
  to   space 223744K, 0% used [0x00000007f2580000,0x00000007f2580000,0x0000000800000000)
 ParOldGen       total 990208K, used 689802K [0x0000000785000000, 0x00000007c1700000, 0x00000007d7000000)
  object space 990208K, 69% used [0x0000000785000000,0x00000007af1a2aa0,0x00000007c1700000)
 PSPermGen       total 21504K, used 2833K [0x000000077aa00000, 0x000000077bf00000, 0x0000000785000000)
  object space 21504K, 13% used [0x000000077aa00000,0x000000077acc47f0,0x000000077bf00000)
}
Event: 20.197 GC heap before
{Heap before GC invocations=32 (full 8):
 PSYoungGen      total 448000K, used 404962K [0x00000007d7000000, 0x0000000800000000, 0x0000000800000000)
  eden space 224256K, 100% used [0x00000007d7000000,0x00000007e4b00000,0x00000007e4b00000)
  from space 223744K, 80% used [0x00000007e4b00000,0x00000007efb78890,0x00000007f2580000)
  to   space 223744K, 0% used [0x00000007f2580000,0x00000007f2580000,0x0000000800000000)
 ParOldGen       total 990208K, used 689802K [0x0000000785000000, 0x00000007c1700000, 0x00000007d7000000)
  object space 990208K, 69% used [0x0000000785000000,0x00000007af1a2aa0,0x00000007c1700000)
 PSPermGen       total 21504K, used 2833K [0x000000077aa00000, 0x000000077bf00000, 0x0000000785000000)
  object space 21504K, 13% used [0x000000077aa00000,0x000000077acc47f0,0x000000077bf00000)
Event: 20.435 GC heap after
Heap after GC invocations=32 (full 8):
 PSYoungGen      total 448000K, used 180418K [0x00000007d7000000, 0x0000000800000000, 0x0000000800000000)
  eden space 224256K, 0% used [0x00000007d7000000,0x00000007d7000000,0x00000007e4b00000)
  from space 223744K, 80% used [0x00000007f2580000,0x00000007fd5b0890,0x0000000800000000)
  to   space 223744K, 0% used [0x00000007e4b00000,0x00000007e4b00000,0x00000007f2580000)
 ParOldGen       total 990208K, used 870596K [0x0000000785000000, 0x00000007c1700000, 0x00000007d7000000)
  object space 990208K, 87% used [0x0000000785000000,0x00000007ba231330,0x00000007c1700000)
 PSPermGen       total 21504K, used 2833K [0x000000077aa00000, 0x000000077bf00000, 0x0000000785000000)
  object space 21504K, 13% used [0x000000077aa00000,0x000000077acc47f0,0x000000077bf00000)
}
Event: 20.435 GC heap before
{Heap before GC invocations=33 (full 9):
 PSYoungGen      total 448000K, used 180418K [0x00000007d7000000, 0x0000000800000000, 0x0000000800000000)
  eden space 224256K, 0% used [0x00000007d7000000,0x00000007d7000000,0x00000007e4b00000)
  from space 223744K, 80% used [0x00000007f2580000,0x00000007fd5b0890,0x0000000800000000)
  to   space 223744K, 0% used [0x00000007e4b00000,0x00000007e4b00000,0x00000007f2580000)
 ParOldGen       total 990208K, used 870596K [0x0000000785000000, 0x00000007c1700000, 0x00000007d7000000)
  object space 990208K, 87% used [0x0000000785000000,0x00000007ba231330,0x00000007c1700000)
 PSPermGen       total 21504K, used 2833K [0x000000077aa00000, 0x000000077bf00000, 0x0000000785000000)
  object space 21504K, 13% used [0x000000077aa00000,0x000000077acc47f0,0x000000077bf00000)

Deoptimization events (3 events):
Event: 1.520 Thread 0x00007fa32c008000 Uncommon trap: reason=unreached action=reinterpret pc=0x00007fa3290610ac method=assignment11.PriorityQueueTiming.findMinTimer()V @ 231
Event: 1.558 Thread 0x00007fa32c008000 Uncommon trap: reason=unreached action=reinterpret pc=0x00007fa32906b498 method=assignment11.PriorityQueueTiming.findMinTimer()V @ 151
Event: 1.640 Thread 0x00007fa32c008000 Uncommon trap: reason=unloaded action=reinterpret pc=0x00007fa32906ce30 method=assignment11.PriorityQueueTiming.findMinTimer()V @ 218

Internal exceptions (6 events):
Event: 0.103 Thread 0x00007fa32c008000 Threw 0x00000007d700f128 at /build/buildd/openjdk-7-7u75-2.5.4/build/openjdk/hotspot/src/share/vm/prims/jni.cpp:3995
Event: 0.470 Thread 0x00007fa32c008000 Threw 0x00000007d7045188 at /build/buildd/openjdk-7-7u75-2.5.4/build/openjdk/hotspot/src/share/vm/prims/jni.cpp:721
Event: 0.470 Thread 0x00007fa32c008000 Threw 0x00000007d7045308 at /build/buildd/openjdk-7-7u75-2.5.4/build/openjdk/hotspot/src/share/vm/prims/jvm.cpp:1284
Event: 0.470 Thread 0x00007fa32c008000 Threw 0x00000007d7045430 at /build/buildd/openjdk-7-7u75-2.5.4/build/openjdk/hotspot/src/share/vm/prims/jvm.cpp:1284
Event: 0.491 Thread 0x00007fa32c008000 Threw 0x00000007d704ab38 at /build/buildd/openjdk-7-7u75-2.5.4/build/openjdk/hotspot/src/share/vm/prims/jvm.cpp:1284
Event: 1.520 Thread 0x00007fa32c008000 Threw 0x00000007d7052730 at /build/buildd/openjdk-7-7u75-2.5.4/build/openjdk/hotspot/src/share/vm/prims/jvm.cpp:1284

Events (10 events):
Event: 13.210 Executing VM operation: ParallelGCFailedAllocation done
Event: 13.498 Executing VM operation: ParallelGCFailedAllocation
Event: 13.609 Executing VM operation: ParallelGCFailedAllocation done
Event: 13.923 Executing VM operation: ParallelGCFailedAllocation
Event: 14.114 Executing VM operation: ParallelGCFailedAllocation done
Event: 14.431 Executing VM operation: ParallelGCFailedAllocation
Event: 19.277 Executing VM operation: ParallelGCFailedAllocation done
Event: 19.615 Executing VM operation: ParallelGCFailedAllocation
Event: 19.868 Executing VM operation: ParallelGCFailedAllocation done
Event: 20.197 Executing VM operation: ParallelGCFailedAllocation


Dynamic libraries:
00400000-00401000 r-xp 00000000 08:07 11830821                           /usr/lib/jvm/java-7-openjdk-amd64/jre/bin/java
00600000-00601000 r--p 00000000 08:07 11830821                           /usr/lib/jvm/java-7-openjdk-amd64/jre/bin/java
00601000-00602000 rw-p 00001000 08:07 11830821                           /usr/lib/jvm/java-7-openjdk-amd64/jre/bin/java
01053000-01074000 rw-p 00000000 00:00 0                                  [heap]
77aa00000-77bf00000 rw-p 00000000 00:00 0 
77bf00000-785000000 rw-p 00000000 00:00 0 
785000000-7c1700000 rw-p 00000000 00:00 0 
7d7000000-800000000 rw-p 00000000 00:00 0 
7fa2d8000000-7fa2d8021000 rw-p 00000000 00:00 0 
7fa2d8021000-7fa2dc000000 ---p 00000000 00:00 0 
7fa2e0000000-7fa2e0170000 rw-p 00000000 00:00 0 
7fa2e0170000-7fa2e4000000 ---p 00000000 00:00 0 
7fa2e4000000-7fa2e4021000 rw-p 00000000 00:00 0 
7fa2e4021000-7fa2e8000000 ---p 00000000 00:00 0 
7fa2e8000000-7fa2e8021000 rw-p 00000000 00:00 0 
7fa2e8021000-7fa2ec000000 ---p 00000000 00:00 0 
7fa2ec000000-7fa2ec217000 rw-p 00000000 00:00 0 
7fa2ec217000-7fa2f0000000 ---p 00000000 00:00 0 
7fa2f0000000-7fa2f0021000 rw-p 00000000 00:00 0 
7fa2f0021000-7fa2f4000000 ---p 00000000 00:00 0 
7fa2f4000000-7fa2f4021000 rw-p 00000000 00:00 0 
7fa2f4021000-7fa2f8000000 ---p 00000000 00:00 0 
7fa2f8000000-7fa2f8241000 rw-p 00000000 00:00 0 
7fa2f8241000-7fa2fc000000 ---p 00000000 00:00 0 
7fa2ffd50000-7fa304000000 rw-p 00000000 00:00 0 
7fa304000000-7fa304021000 rw-p 00000000 00:00 0 
7fa304021000-7fa308000000 ---p 00000000 00:00 0 
7fa309489000-7fa30948a000 ---p 00000000 00:00 0 
7fa30948a000-7fa30958a000 rw-p 00000000 00:00 0                          [stack:7081]
7fa30958a000-7fa30958d000 ---p 00000000 00:00 0 
7fa30958d000-7fa30968b000 rw-p 00000000 00:00 0                          [stack:7080]
7fa30968b000-7fa30968e000 ---p 00000000 00:00 0 
7fa30968e000-7fa30978c000 rw-p 00000000 00:00 0                          [stack:7079]
7fa30978c000-7fa30978f000 ---p 00000000 00:00 0 
7fa30978f000-7fa30988d000 rw-p 00000000 00:00 0                          [stack:7078]
7fa30988d000-7fa309890000 ---p 00000000 00:00 0 
7fa309890000-7fa30998e000 rw-p 00000000 00:00 0                          [stack:7077]
7fa30998e000-7fa30a070000 r--p 00000000 08:07 11826306                   /usr/lib/locale/locale-archive
7fa30a070000-7fa30a073000 ---p 00000000 00:00 0 
7fa30a073000-7fa30a171000 rw-p 00000000 00:00 0                          [stack:7076]
7fa30a171000-7fa30a174000 ---p 00000000 00:00 0 
7fa30a174000-7fa30a272000 rw-p 00000000 00:00 0                          [stack:7075]
7fa30a272000-7fa30a273000 ---p 00000000 00:00 0 
7fa30a273000-7fa30c000000 rw-p 00000000 00:00 0                          [stack:7074]
7fa30c000000-7fa30c021000 rw-p 00000000 00:00 0 
7fa30c021000-7fa310000000 ---p 00000000 00:00 0 
7fa310000000-7fa310021000 rw-p 00000000 00:00 0 
7fa310021000-7fa314000000 ---p 00000000 00:00 0 
7fa314000000-7fa314021000 rw-p 00000000 00:00 0 
7fa314021000-7fa318000000 ---p 00000000 00:00 0 
7fa318000000-7fa318021000 rw-p 00000000 00:00 0 
7fa318021000-7fa31c000000 ---p 00000000 00:00 0 
7fa31c000000-7fa31c021000 rw-p 00000000 00:00 0 
7fa31c021000-7fa320000000 ---p 00000000 00:00 0 
7fa320000000-7fa320021000 rw-p 00000000 00:00 0 
7fa320021000-7fa324000000 ---p 00000000 00:00 0 
7fa324000000-7fa324021000 rw-p 00000000 00:00 0 
7fa324021000-7fa328000000 ---p 00000000 00:00 0 
7fa328016000-7fa3281c8000 r--s 01d23000 08:07 11821348                   /usr/lib/jvm/java-7-openjdk-amd64/jre/lib/rt.jar
7fa3281c8000-7fa328669000 rw-p 00000000 00:00 0 
7fa328669000-7fa32866a000 ---p 00000000 00:00 0 
7fa32866a000-7fa32876a000 rw-p 00000000 00:00 0                          [stack:7073]
7fa32876a000-7fa32876b000 ---p 00000000 00:00 0 
7fa32876b000-7fa32886b000 rw-p 00000000 00:00 0                          [stack:7072]
7fa32886b000-7fa32886c000 ---p 00000000 00:00 0 
7fa32886c000-7fa32896c000 rw-p 00000000 00:00 0                          [stack:7071]
7fa32896c000-7fa32896d000 ---p 00000000 00:00 0 
7fa32896d000-7fa328a6d000 rw-p 00000000 00:00 0                          [stack:7070]
7fa328a6d000-7fa328a6e000 ---p 00000000 00:00 0 
7fa328a6e000-7fa328b6e000 rw-p 00000000 00:00 0                          [stack:7069]
7fa328b6e000-7fa328b6f000 ---p 00000000 00:00 0 
7fa328b6f000-7fa328c6f000 rw-p 00000000 00:00 0                          [stack:7068]
7fa328c6f000-7fa328c70000 ---p 00000000 00:00 0 
7fa328c70000-7fa328f54000 rw-p 00000000 00:00 0                          [stack:7067]
7fa328f54000-7fa329000000 rw-p 00000000 00:00 0 
7fa329000000-7fa329270000 rwxp 00000000 00:00 0 
7fa329270000-7fa32c344000 rw-p 00000000 00:00 0 
7fa32c344000-7fa330000000 ---p 00000000 00:00 0 
7fa33000c000-7fa330068000 rw-p 00000000 00:00 0 
7fa330068000-7fa330069000 ---p 00000000 00:00 0 
7fa330069000-7fa330174000 rw-p 00000000 00:00 0                          [stack:7066]
7fa330174000-7fa3301bc000 rw-p 00000000 00:00 0 
7fa3301bc000-7fa3303a0000 rw-p 00000000 00:00 0 
7fa3303a0000-7fa33044c000 rw-p 00000000 00:00 0 
7fa33044c000-7fa330594000 rw-p 00000000 00:00 0 
7fa330594000-7fa33059f000 rw-p 00000000 00:00 0 
7fa33059f000-7fa330655000 rw-p 00000000 00:00 0 
7fa330655000-7fa33065d000 r-xp 00000000 08:07 11830818                   /usr/lib/jvm/java-7-openjdk-amd64/jre/lib/amd64/libzip.so
7fa33065d000-7fa33085c000 ---p 00008000 08:07 11830818                   /usr/lib/jvm/java-7-openjdk-amd64/jre/lib/amd64/libzip.so
7fa33085c000-7fa33085d000 r--p 00007000 08:07 11830818                   /usr/lib/jvm/java-7-openjdk-amd64/jre/lib/amd64/libzip.so
7fa33085d000-7fa33085e000 rw-p 00008000 08:07 11830818                   /usr/lib/jvm/java-7-openjdk-amd64/jre/lib/amd64/libzip.so
7fa33085e000-7fa330889000 r-xp 00000000 08:07 11830803                   /usr/lib/jvm/java-7-openjdk-amd64/jre/lib/amd64/libjava.so
7fa330889000-7fa330a89000 ---p 0002b000 08:07 11830803                   /usr/lib/jvm/java-7-openjdk-amd64/jre/lib/amd64/libjava.so
7fa330a89000-7fa330a8a000 r--p 0002b000 08:07 11830803                   /usr/lib/jvm/java-7-openjdk-amd64/jre/lib/amd64/libjava.so
7fa330a8a000-7fa330a8c000 rw-p 0002c000 08:07 11830803                   /usr/lib/jvm/java-7-openjdk-amd64/jre/lib/amd64/libjava.so
7fa330a8c000-7fa330a9c000 r-xp 00000000 08:07 11830802                   /usr/lib/jvm/java-7-openjdk-amd64/jre/lib/amd64/libverify.so
7fa330a9c000-7fa330c9b000 ---p 00010000 08:07 11830802                   /usr/lib/jvm/java-7-openjdk-amd64/jre/lib/amd64/libverify.so
7fa330c9b000-7fa330c9d000 r--p 0000f000 08:07 11830802                   /usr/lib/jvm/java-7-openjdk-amd64/jre/lib/amd64/libverify.so
7fa330c9d000-7fa330c9e000 rw-p 00011000 08:07 11830802                   /usr/lib/jvm/java-7-openjdk-amd64/jre/lib/amd64/libverify.so
7fa330c9e000-7fa330ca5000 r-xp 00000000 08:07 6041901                    /lib/x86_64-linux-gnu/librt-2.19.so
7fa330ca5000-7fa330ea4000 ---p 00007000 08:07 6041901                    /lib/x86_64-linux-gnu/librt-2.19.so
7fa330ea4000-7fa330ea5000 r--p 00006000 08:07 6041901                    /lib/x86_64-linux-gnu/librt-2.19.so
7fa330ea5000-7fa330ea6000 rw-p 00007000 08:07 6041901                    /lib/x86_64-linux-gnu/librt-2.19.so
7fa330ea6000-7fa330ebc000 r-xp 00000000 08:07 6045046                    /lib/x86_64-linux-gnu/libgcc_s.so.1
7fa330ebc000-7fa3310bb000 ---p 00016000 08:07 6045046                    /lib/x86_64-linux-gnu/libgcc_s.so.1
7fa3310bb000-7fa3310bc000 rw-p 00015000 08:07 6045046                    /lib/x86_64-linux-gnu/libgcc_s.so.1
7fa3310bc000-7fa3311c1000 r-xp 00000000 08:07 6041883                    /lib/x86_64-linux-gnu/libm-2.19.so
7fa3311c1000-7fa3313c0000 ---p 00105000 08:07 6041883                    /lib/x86_64-linux-gnu/libm-2.19.so
7fa3313c0000-7fa3313c1000 r--p 00104000 08:07 6041883                    /lib/x86_64-linux-gnu/libm-2.19.so
7fa3313c1000-7fa3313c2000 rw-p 00105000 08:07 6041883                    /lib/x86_64-linux-gnu/libm-2.19.so
7fa3313c2000-7fa3314a8000 r-xp 00000000 08:07 11828208                   /usr/lib/x86_64-linux-gnu/libstdc++.so.6.0.19
7fa3314a8000-7fa3316a7000 ---p 000e6000 08:07 11828208                   /usr/lib/x86_64-linux-gnu/libstdc++.so.6.0.19
7fa3316a7000-7fa3316af000 r--p 000e5000 08:07 11828208                   /usr/lib/x86_64-linux-gnu/libstdc++.so.6.0.19
7fa3316af000-7fa3316b1000 rw-p 000ed000 08:07 11828208                   /usr/lib/x86_64-linux-gnu/libstdc++.so.6.0.19
7fa3316b1000-7fa3316c6000 rw-p 00000000 00:00 0 
7fa3316c6000-7fa3321de000 r-xp 00000000 08:07 11830807                   /usr/lib/jvm/java-7-openjdk-amd64/jre/lib/amd64/server/libjvm.so
7fa3321de000-7fa3323de000 ---p 00b18000 08:07 11830807                   /usr/lib/jvm/java-7-openjdk-amd64/jre/lib/amd64/server/libjvm.so
7fa3323de000-7fa332478000 r--p 00b18000 08:07 11830807                   /usr/lib/jvm/java-7-openjdk-amd64/jre/lib/amd64/server/libjvm.so
7fa332478000-7fa33249b000 rw-p 00bb2000 08:07 11830807                   /usr/lib/jvm/java-7-openjdk-amd64/jre/lib/amd64/server/libjvm.so
7fa33249b000-7fa3324c9000 rw-p 00000000 00:00 0 
7fa3324c9000-7fa3324e1000 r-xp 00000000 08:07 6045232                    /lib/x86_64-linux-gnu/libz.so.1.2.8
7fa3324e1000-7fa3326e0000 ---p 00018000 08:07 6045232                    /lib/x86_64-linux-gnu/libz.so.1.2.8
7fa3326e0000-7fa3326e1000 r--p 00017000 08:07 6045232                    /lib/x86_64-linux-gnu/libz.so.1.2.8
7fa3326e1000-7fa3326e2000 rw-p 00018000 08:07 6045232                    /lib/x86_64-linux-gnu/libz.so.1.2.8
7fa3326e2000-7fa3326fb000 r-xp 00000000 08:07 6041899                    /lib/x86_64-linux-gnu/libpthread-2.19.so
7fa3326fb000-7fa3328fa000 ---p 00019000 08:07 6041899                    /lib/x86_64-linux-gnu/libpthread-2.19.so
7fa3328fa000-7fa3328fb000 r--p 00018000 08:07 6041899                    /lib/x86_64-linux-gnu/libpthread-2.19.so
7fa3328fb000-7fa3328fc000 rw-p 00019000 08:07 6041899                    /lib/x86_64-linux-gnu/libpthread-2.19.so
7fa3328fc000-7fa332900000 rw-p 00000000 00:00 0 
7fa332900000-7fa332903000 r-xp 00000000 08:07 6041887                    /lib/x86_64-linux-gnu/libdl-2.19.so
7fa332903000-7fa332b02000 ---p 00003000 08:07 6041887                    /lib/x86_64-linux-gnu/libdl-2.19.so
7fa332b02000-7fa332b03000 r--p 00002000 08:07 6041887                    /lib/x86_64-linux-gnu/libdl-2.19.so
7fa332b03000-7fa332b04000 rw-p 00003000 08:07 6041887                    /lib/x86_64-linux-gnu/libdl-2.19.so
7fa332b04000-7fa332cbf000 r-xp 00000000 08:07 6041898                    /lib/x86_64-linux-gnu/libc-2.19.so
7fa332cbf000-7fa332ebe000 ---p 001bb000 08:07 6041898                    /lib/x86_64-linux-gnu/libc-2.19.so
7fa332ebe000-7fa332ec2000 r--p 001ba000 08:07 6041898                    /lib/x86_64-linux-gnu/libc-2.19.so
7fa332ec2000-7fa332ec4000 rw-p 001be000 08:07 6041898                    /lib/x86_64-linux-gnu/libc-2.19.so
7fa332ec4000-7fa332ec9000 rw-p 00000000 00:00 0 
7fa332ec9000-7fa332ed6000 r-xp 00000000 08:07 11830218                   /usr/lib/jvm/java-7-openjdk-amd64/jre/lib/amd64/jli/libjli.so
7fa332ed6000-7fa3330d5000 ---p 0000d000 08:07 11830218                   /usr/lib/jvm/java-7-openjdk-amd64/jre/lib/amd64/jli/libjli.so
7fa3330d5000-7fa3330d6000 r--p 0000c000 08:07 11830218                   /usr/lib/jvm/java-7-openjdk-amd64/jre/lib/amd64/jli/libjli.so
7fa3330d6000-7fa3330d7000 rw-p 0000d000 08:07 11830218                   /usr/lib/jvm/java-7-openjdk-amd64/jre/lib/amd64/jli/libjli.so
7fa3330d7000-7fa3330fa000 r-xp 00000000 08:07 6041895                    /lib/x86_64-linux-gnu/ld-2.19.so
7fa3330fa000-7fa3330fd000 r--s 0000f000 08:07 11821351                   /usr/lib/jvm/java-7-openjdk-amd64/jre/lib/ext/icedtea-sound.jar
7fa3330fd000-7fa33315a000 rw-p 00000000 00:00 0 
7fa33315a000-7fa3331a2000 rw-p 00000000 00:00 0 
7fa3331a2000-7fa3331d7000 r--s 00000000 08:07 3548301                    /var/cache/nscd/passwd
7fa3331d7000-7fa3331da000 ---p 00000000 00:00 0 
7fa3331da000-7fa3332dd000 rw-p 00000000 00:00 0                          [stack:7065]
7fa3332dd000-7fa3332e1000 r--s 0003c000 08:07 11821352                   /usr/lib/jvm/java-7-openjdk-amd64/jre/lib/ext/sunpkcs11.jar
7fa3332e1000-7fa3332e5000 r--s 00034000 08:07 11821353                   /usr/lib/jvm/java-7-openjdk-amd64/jre/lib/ext/sunjce_provider.jar
7fa3332e5000-7fa3332e6000 r--s 00002000 08:07 11821355                   /usr/lib/jvm/java-7-openjdk-amd64/jre/lib/ext/dnsns.jar
7fa3332e6000-7fa3332e8000 r--s 00012000 08:07 11821354                   /usr/lib/jvm/java-7-openjdk-amd64/jre/lib/ext/zipfs.jar
7fa3332e8000-7fa3332ea000 r--s 00006000 08:07 12221086                   /usr/share/java/java-atk-wrapper.jar
7fa3332ea000-7fa3332ed000 r--s 00086000 08:07 11821356                   /usr/lib/jvm/java-7-openjdk-amd64/jre/lib/ext/localedata.jar
7fa3332ed000-7fa3332f5000 rw-s 00000000 08:07 4203170                    /tmp/hsperfdata_cmpickle/7058
7fa3332f5000-7fa3332f6000 rw-p 00000000 00:00 0 
7fa3332f6000-7fa3332f7000 ---p 00000000 00:00 0 
7fa3332f7000-7fa3332f9000 rw-p 00000000 00:00 0 
7fa3332f9000-7fa3332fa000 r--p 00022000 08:07 6041895                    /lib/x86_64-linux-gnu/ld-2.19.so
7fa3332fa000-7fa3332fb000 rw-p 00023000 08:07 6041895                    /lib/x86_64-linux-gnu/ld-2.19.so
7fa3332fb000-7fa3332fc000 rw-p 00000000 00:00 0 
7ffcba6b6000-7ffcba6d7000 rw-p 00000000 00:00 0                          [stack]
7ffcba7f4000-7ffcba7f6000 r-xp 00000000 00:00 0                          [vdso]
ffffffffff600000-ffffffffff601000 r-xp 00000000 00:00 0                  [vsyscall]

VM Arguments:
jvm_args: -Dfile.encoding=UTF-8 
java_command: assignment11.PriorityQueueTiming
Launcher Type: SUN_STANDARD

Environment Variables:
PATH=/usr/local/sbin:/usr/local/bin:/usr/sbin:/usr/bin:/sbin:/bin:/usr/games:/usr/local/games
SHELL=/bin/bash
DISPLAY=:0

Signal Handlers:
SIGSEGV: [libjvm.so+0x94b4b0], sa_mask[0]=0x7ffbfeff, sa_flags=0x10000004
SIGBUS: [libjvm.so+0x94b4b0], sa_mask[0]=0x7ffbfeff, sa_flags=0x10000004
SIGFPE: [libjvm.so+0x7c3390], sa_mask[0]=0x7ffbfeff, sa_flags=0x10000004
SIGPIPE: [libjvm.so+0x7c3390], sa_mask[0]=0x7ffbfeff, sa_flags=0x10000004
SIGXFSZ: [libjvm.so+0x7c3390], sa_mask[0]=0x7ffbfeff, sa_flags=0x10000004
SIGILL: [libjvm.so+0x7c3390], sa_mask[0]=0x7ffbfeff, sa_flags=0x10000004
SIGUSR1: SIG_DFL, sa_mask[0]=0x00000000, sa_flags=0x00000000
SIGUSR2: [libjvm.so+0x7c3230], sa_mask[0]=0x00000004, sa_flags=0x10000004
SIGHUP: [libjvm.so+0x7c3410], sa_mask[0]=0x7ffbfeff, sa_flags=0x10000004
SIGINT: [libjvm.so+0x7c3410], sa_mask[0]=0x7ffbfeff, sa_flags=0x10000004
SIGTERM: [libjvm.so+0x7c3410], sa_mask[0]=0x7ffbfeff, sa_flags=0x10000004
SIGQUIT: [libjvm.so+0x7c3410], sa_mask[0]=0x7ffbfeff, sa_flags=0x10000004
SIGTRAP: SIG_DFL, sa_mask[0]=0x00000000, sa_flags=0x00000000


---------------  S Y S T E M  ---------------

OS:Ubuntu 14.04 (trusty)
uname:Linux 3.13.0-49-generic #81-Ubuntu SMP Tue Mar 24 19:29:48 UTC 2015 x86_64
libc:glibc 2.19 NPTL 2.19 
rlimit: STACK 8192k, CORE 0k, NPROC 62561, NOFILE 4096, AS infinity
load average:0.67 0.58 0.56

/proc/meminfo:
MemTotal:        8058712 kB
MemFree:          208528 kB
Buffers:            5028 kB
Cached:           623132 kB
SwapCached:            0 kB
Active:          3185460 kB
Inactive:         535560 kB
Active(anon):    3101364 kB
Inactive(anon):   455716 kB
Active(file):      84096 kB
Inactive(file):    79844 kB
Unevictable:          64 kB
Mlocked:              64 kB
SwapTotal:             0 kB
SwapFree:              0 kB
Dirty:               176 kB
Writeback:             0 kB
AnonPages:       3093012 kB
Mapped:          4109948 kB
Shmem:            464148 kB
Slab:             112208 kB
SReclaimable:      39280 kB
SUnreclaim:        72928 kB
KernelStack:        5408 kB
PageTables:        49564 kB
NFS_Unstable:          0 kB
Bounce:                0 kB
WritebackTmp:          0 kB
CommitLimit:     4029356 kB
Committed_AS:   11278556 kB
VmallocTotal:   34359738367 kB
VmallocUsed:      375068 kB
VmallocChunk:   34359273492 kB
HardwareCorrupted:     0 kB
AnonHugePages:   1433600 kB
HugePages_Total:       0
HugePages_Free:        0
HugePages_Rsvd:        0
HugePages_Surp:        0
Hugepagesize:       2048 kB
DirectMap4k:       81072 kB
DirectMap2M:     8189952 kB


CPU:total 8 (4 cores per cpu, 2 threads per core) family 6 model 58 stepping 9, cmov, cx8, fxsr, mmx, sse, sse2, sse3, ssse3, sse4.1, sse4.2, popcnt, avx, aes, erms, ht, tsc, tscinvbit, tscinv

/proc/cpuinfo:
processor	: 0
vendor_id	: GenuineIntel
cpu family	: 6
model		: 58
model name	: Intel(R) Core(TM) i7-3635QM CPU @ 2.40GHz
stepping	: 9
microcode	: 0x17
cpu MHz		: 1200.000
cache size	: 6144 KB
physical id	: 0
siblings	: 8
core id		: 0
cpu cores	: 4
apicid		: 0
initial apicid	: 0
fpu		: yes
fpu_exception	: yes
cpuid level	: 13
wp		: yes
flags		: fpu vme de pse tsc msr pae mce cx8 apic sep mtrr pge mca cmov pat pse36 clflush dts acpi mmx fxsr sse sse2 ss ht tm pbe syscall nx rdtscp lm constant_tsc arch_perfmon pebs bts rep_good nopl xtopology nonstop_tsc aperfmperf eagerfpu pni pclmulqdq dtes64 monitor ds_cpl vmx est tm2 ssse3 cx16 xtpr pdcm pcid sse4_1 sse4_2 x2apic popcnt tsc_deadline_timer aes xsave avx f16c rdrand lahf_lm ida arat epb xsaveopt pln pts dtherm tpr_shadow vnmi flexpriority ept vpid fsgsbase smep erms
bogomips	: 4789.17
clflush size	: 64
cache_alignment	: 64
address sizes	: 36 bits physical, 48 bits virtual
power management:

processor	: 1
vendor_id	: GenuineIntel
cpu family	: 6
model		: 58
model name	: Intel(R) Core(TM) i7-3635QM CPU @ 2.40GHz
stepping	: 9
microcode	: 0x17
cpu MHz		: 1200.000
cache size	: 6144 KB
physical id	: 0
siblings	: 8
core id		: 1
cpu cores	: 4
apicid		: 2
initial apicid	: 2
fpu		: yes
fpu_exception	: yes
cpuid level	: 13
wp		: yes
flags		: fpu vme de pse tsc msr pae mce cx8 apic sep mtrr pge mca cmov pat pse36 clflush dts acpi mmx fxsr sse sse2 ss ht tm pbe syscall nx rdtscp lm constant_tsc arch_perfmon pebs bts rep_good nopl xtopology nonstop_tsc aperfmperf eagerfpu pni pclmulqdq dtes64 monitor ds_cpl vmx est tm2 ssse3 cx16 xtpr pdcm pcid sse4_1 sse4_2 x2apic popcnt tsc_deadline_timer aes xsave avx f16c rdrand lahf_lm ida arat epb xsaveopt pln pts dtherm tpr_shadow vnmi flexpriority ept vpid fsgsbase smep erms
bogomips	: 4789.17
clflush size	: 64
cache_alignment	: 64
address sizes	: 36 bits physical, 48 bits virtual
power management:

processor	: 2
vendor_id	: GenuineIntel
cpu family	: 6
model		: 58
model name	: Intel(R) Core(TM) i7-3635QM CPU @ 2.40GHz
stepping	: 9
microcode	: 0x17
cpu MHz		: 1200.000
cache size	: 6144 KB
physical id	: 0
siblings	: 8
core id		: 2
cpu cores	: 4
apicid		: 4
initial apicid	: 4
fpu		: yes
fpu_exception	: yes
cpuid level	: 13
wp		: yes
flags		: fpu vme de pse tsc msr pae mce cx8 apic sep mtrr pge mca cmov pat pse36 clflush dts acpi mmx fxsr sse sse2 ss ht tm pbe syscall nx rdtscp lm constant_tsc arch_perfmon pebs bts rep_good nopl xtopology nonstop_tsc aperfmperf eagerfpu pni pclmulqdq dtes64 monitor ds_cpl vmx est tm2 ssse3 cx16 xtpr pdcm pcid sse4_1 sse4_2 x2apic popcnt tsc_deadline_timer aes xsave avx f16c rdrand lahf_lm ida arat epb xsaveopt pln pts dtherm tpr_shadow vnmi flexpriority ept vpid fsgsbase smep erms
bogomips	: 4789.17
clflush size	: 64
cache_alignment	: 64
address sizes	: 36 bits physical, 48 bits virtual
power management:

processor	: 3
vendor_id	: GenuineIntel
cpu family	: 6
model		: 58
model name	: Intel(R) Core(TM) i7-3635QM CPU @ 2.40GHz
stepping	: 9
microcode	: 0x17
cpu MHz		: 1200.000
cache size	: 6144 KB
physical id	: 0
siblings	: 8
core id		: 3
cpu cores	: 4
apicid		: 6
initial apicid	: 6
fpu		: yes
fpu_exception	: yes
cpuid level	: 13
wp		: yes
flags		: fpu vme de pse tsc msr pae mce cx8 apic sep mtrr pge mca cmov pat pse36 clflush dts acpi mmx fxsr sse sse2 ss ht tm pbe syscall nx rdtscp lm constant_tsc arch_perfmon pebs bts rep_good nopl xtopology nonstop_tsc aperfmperf eagerfpu pni pclmulqdq dtes64 monitor ds_cpl vmx est tm2 ssse3 cx16 xtpr pdcm pcid sse4_1 sse4_2 x2apic popcnt tsc_deadline_timer aes xsave avx f16c rdrand lahf_lm ida arat epb xsaveopt pln pts dtherm tpr_shadow vnmi flexpriority ept vpid fsgsbase smep erms
bogomips	: 4789.17
clflush size	: 64
cache_alignment	: 64
address sizes	: 36 bits physical, 48 bits virtual
power management:

processor	: 4
vendor_id	: GenuineIntel
cpu family	: 6
model		: 58
model name	: Intel(R) Core(TM) i7-3635QM CPU @ 2.40GHz
stepping	: 9
microcode	: 0x17
cpu MHz		: 2401.000
cache size	: 6144 KB
physical id	: 0
siblings	: 8
core id		: 0
cpu cores	: 4
apicid		: 1
initial apicid	: 1
fpu		: yes
fpu_exception	: yes
cpuid level	: 13
wp		: yes
flags		: fpu vme de pse tsc msr pae mce cx8 apic sep mtrr pge mca cmov pat pse36 clflush dts acpi mmx fxsr sse sse2 ss ht tm pbe syscall nx rdtscp lm constant_tsc arch_perfmon pebs bts rep_good nopl xtopology nonstop_tsc aperfmperf eagerfpu pni pclmulqdq dtes64 monitor ds_cpl vmx est tm2 ssse3 cx16 xtpr pdcm pcid sse4_1 sse4_2 x2apic popcnt tsc_deadline_timer aes xsave avx f16c rdrand lahf_lm ida arat epb xsaveopt pln pts dtherm tpr_shadow vnmi flexpriority ept vpid fsgsbase smep erms
bogomips	: 4789.17
clflush size	: 64
cache_alignment	: 64
address sizes	: 36 bits physical, 48 bits virtual
power management:

processor	: 5
vendor_id	: GenuineIntel
cpu family	: 6
model		: 58
model name	: Intel(R) Core(TM) i7-3635QM CPU @ 2.40GHz
stepping	: 9
microcode	: 0x17
cpu MHz		: 2401.000
cache size	: 6144 KB
physical id	: 0
siblings	: 8
core id		: 1
cpu cores	: 4
apicid		: 3
initial apicid	: 3
fpu		: yes
fpu_exception	: yes
cpuid level	: 13
wp		: yes
flags		: fpu vme de pse tsc msr pae mce cx8 apic sep mtrr pge mca cmov pat pse36 clflush dts acpi mmx fxsr sse sse2 ss ht tm pbe syscall nx rdtscp lm constant_tsc arch_perfmon pebs bts rep_good nopl xtopology nonstop_tsc aperfmperf eagerfpu pni pclmulqdq dtes64 monitor ds_cpl vmx est tm2 ssse3 cx16 xtpr pdcm pcid sse4_1 sse4_2 x2apic popcnt tsc_deadline_timer aes xsave avx f16c rdrand lahf_lm ida arat epb xsaveopt pln pts dtherm tpr_shadow vnmi flexpriority ept vpid fsgsbase smep erms
bogomips	: 4789.17
clflush size	: 64
cache_alignment	: 64
address sizes	: 36 bits physical, 48 bits virtual
power management:

processor	: 6
vendor_id	: GenuineIntel
cpu family	: 6
model		: 58
model name	: Intel(R) Core(TM) i7-3635QM CPU @ 2.40GHz
stepping	: 9
microcode	: 0x17
cpu MHz		: 1200.000
cache size	: 6144 KB
physical id	: 0
siblings	: 8
core id		: 2
cpu cores	: 4
apicid		: 5
initial apicid	: 5
fpu		: yes
fpu_exception	: yes
cpuid level	: 13
wp		: yes
flags		: fpu vme de pse tsc msr pae mce cx8 apic sep mtrr pge mca cmov pat pse36 clflush dts acpi mmx fxsr sse sse2 ss ht tm pbe syscall nx rdtscp lm constant_tsc arch_perfmon pebs bts rep_good nopl xtopology nonstop_tsc aperfmperf eagerfpu pni pclmulqdq dtes64 monitor ds_cpl vmx est tm2 ssse3 cx16 xtpr pdcm pcid sse4_1 sse4_2 x2apic popcnt tsc_deadline_timer aes xsave avx f16c rdrand lahf_lm ida arat epb xsaveopt pln pts dtherm tpr_shadow vnmi flexpriority ept vpid fsgsbase smep erms
bogomips	: 4789.17
clflush size	: 64
cache_alignment	: 64
address sizes	: 36 bits physical, 48 bits virtual
power management:

processor	: 7
vendor_id	: GenuineIntel
cpu family	: 6
model		: 58
model name	: Intel(R) Core(TM) i7-3635QM CPU @ 2.40GHz
stepping	: 9
microcode	: 0x17
cpu MHz		: 1200.000
cache size	: 6144 KB
physical id	: 0
siblings	: 8
core id		: 3
cpu cores	: 4
apicid		: 7
initial apicid	: 7
fpu		: yes
fpu_exception	: yes
cpuid level	: 13
wp		: yes
flags		: fpu vme de pse tsc msr pae mce cx8 apic sep mtrr pge mca cmov pat pse36 clflush dts acpi mmx fxsr sse sse2 ss ht tm pbe syscall nx rdtscp lm constant_tsc arch_perfmon pebs bts rep_good nopl xtopology nonstop_tsc aperfmperf eagerfpu pni pclmulqdq dtes64 monitor ds_cpl vmx est tm2 ssse3 cx16 xtpr pdcm pcid sse4_1 sse4_2 x2apic popcnt tsc_deadline_timer aes xsave avx f16c rdrand lahf_lm ida arat epb xsaveopt pln pts dtherm tpr_shadow vnmi flexpriority ept vpid fsgsbase smep erms
bogomips	: 4789.17
clflush size	: 64
cache_alignment	: 64
address sizes	: 36 bits physical, 48 bits virtual
power management:



Memory: 4k page, physical 8058712k(208528k free), swap 0k(0k free)

vm_info: OpenJDK 64-Bit Server VM (24.75-b04) for linux-amd64 JRE (1.7.0_75-b13), built on Jan 27 2015 00:38:59 by "buildd" with gcc 4.8.2

time: Thu Apr  9 20:53:05 2015
elapsed time: 25 seconds

